
> lumia-web@0.1.0 dev
> next dev

▲ Next.js 16.2.7 (Turbopack)
- Local:         http://localhost:3001
- Network:       http://10.14.116.167:3001
✓ Ready in 2.1s

○ Compiling / ...
 GET / 200 in 9.7s (next.js: 8.5s, application-code: 1138ms)
✓ Finished writing to filesystem cache in 13.8s
 GET / 200 in 849ms (next.js: 219ms, application-code: 630ms)
○ Compiling /login ...
 GET /login 200 in 8.9s (next.js: 8.6s, application-code: 267ms)
 GET /register 200 in 2.1s (next.js: 1836ms, application-code: 232ms)
✓ Finished writing to filesystem cache in 10.6s
✓ Finished filesystem cache database compaction in 56s
 GET / 200 in 2.4s (next.js: 592ms, application-code: 1853ms)
 GET / 200 in 514ms (next.js: 43ms, application-code: 471ms)
 GET /register 200 in 24.6s (next.js: 9.5s, application-code: 15.1s)
 GET /register 200 in 1474ms (next.js: 346ms, application-code: 1128ms)
✓ Compiled in 3.2s
 GET /register 200 in 3.3s (next.js: 1221ms, application-code: 2.1s)
 GET /register 200 in 13.1s (next.js: 886ms, application-code: 12.2s)
 GET /register 200 in 4.1s (next.js: 164ms, application-code: 3.9s)
 GET /register 200 in 14.4s (next.js: 760ms, application-code: 13.7s)
 GET /register 200 in 3.5s (next.js: 247ms, application-code: 3.3s)
 GET /register 200 in 3.8s (next.js: 376ms, application-code: 3.4s)
 GET /register 200 in 4.0s (next.js: 1398ms, application-code: 2.6s)
 GET /register 200 in 1654ms (next.js: 595ms, application-code: 1058ms)
 GET /register 200 in 1131ms (next.js: 296ms, application-code: 835ms)
 GET / 200 in 927ms (next.js: 702ms, application-code: 225ms)
 GET / 200 in 332ms (next.js: 10ms, application-code: 322ms)
 GET / 200 in 98ms (next.js: 8ms, application-code: 90ms)
✓ Compiled in 4.4s
 GET / 200 in 2.1s (next.js: 1039ms, application-code: 1106ms)
 GET / 200 in 1897ms (next.js: 938ms, application-code: 959ms)
 GET / 200 in 654ms (next.js: 16ms, application-code: 638ms)
 GET / 200 in 657ms (next.js: 94ms, application-code: 563ms)
 GET / 200 in 430ms (next.js: 110ms, application-code: 320ms)
 GET / 200 in 437ms (next.js: 27ms, application-code: 410ms)
 GET / 200 in 433ms (next.js: 228ms, application-code: 205ms)
 GET / 200 in 433ms (next.js: 295ms, application-code: 138ms)
✓ Finished filesystem cache database compaction in 39.2s
✓ Compiled in 97ms
 GET / 200 in 1592ms (next.js: 453ms, application-code: 1139ms)
 GET / 200 in 1634ms (next.js: 576ms, application-code: 1058ms)
 GET / 200 in 136ms (next.js: 10ms, application-code: 126ms)
 GET / 200 in 123ms (next.js: 6ms, application-code: 117ms)
✓ Compiled in 918ms
 GET / 200 in 1363ms (next.js: 945ms, application-code: 418ms)
 GET / 200 in 168ms (next.js: 21ms, application-code: 148ms)
○ Compiling /_not-found/page ...
 GET /assets/ritual-still-life.svg 404 in 4.3s (next.js: 3.5s, application-code: 754ms)
 GET /assets/journal-light.svg 404 in 1330ms (next.js: 426ms, application-code: 904ms)
✓ Finished writing to filesystem cache in 14.7s
✓ Compiled in 212ms
 GET / 200 in 1890ms (next.js: 613ms, application-code: 1277ms)
 GET / 200 in 1135ms (next.js: 42ms, application-code: 1093ms)
 GET / 200 in 999ms (next.js: 19ms, application-code: 979ms)
 GET / 200 in 998ms (next.js: 130ms, application-code: 868ms)
 GET / 200 in 752ms (next.js: 35ms, application-code: 717ms)
 GET / 200 in 747ms (next.js: 159ms, application-code: 588ms)
 GET / 200 in 748ms (next.js: 287ms, application-code: 461ms)
 GET / 200 in 746ms (next.js: 402ms, application-code: 344ms)
 GET / 200 in 746ms (next.js: 490ms, application-code: 256ms)
 GET / 200 in 748ms (next.js: 592ms, application-code: 156ms)
✓ Compiled in 112ms
 GET / 200 in 970ms (next.js: 246ms, application-code: 724ms)
 GET / 200 in 971ms (next.js: 365ms, application-code: 606ms)
 GET / 200 in 606ms (next.js: 18ms, application-code: 588ms)
 GET / 200 in 608ms (next.js: 147ms, application-code: 461ms)
 GET / 200 in 372ms (next.js: 28ms, application-code: 344ms)
 GET / 200 in 375ms (next.js: 113ms, application-code: 261ms)
 GET / 200 in 366ms (next.js: 193ms, application-code: 173ms)
 GET / 200 in 188ms (next.js: 88ms, application-code: 100ms)
✓ Compiled in 236ms
 GET / 200 in 1614ms (next.js: 514ms, application-code: 1101ms)
 GET / 200 in 1621ms (next.js: 367ms, application-code: 1254ms)
 GET / 200 in 946ms (next.js: 43ms, application-code: 903ms)
 GET / 200 in 936ms (next.js: 243ms, application-code: 694ms)
 GET / 200 in 603ms (next.js: 37ms, application-code: 566ms)
 GET / 200 in 601ms (next.js: 193ms, application-code: 407ms)
 GET / 200 in 610ms (next.js: 134ms, application-code: 476ms)
 GET / 200 in 597ms (next.js: 260ms, application-code: 337ms)
 GET / 200 in 355ms (next.js: 225ms, application-code: 130ms)
 GET / 200 in 604ms (next.js: 345ms, application-code: 258ms)
✓ Compiled in 157ms
 GET / 200 in 725ms (next.js: 455ms, application-code: 270ms)
 GET / 200 in 161ms (next.js: 26ms, application-code: 136ms)
 GET / 200 in 640ms (next.js: 12ms, application-code: 628ms)
✓ Compiled in 1918ms
 GET / 200 in 1859ms (next.js: 400ms, application-code: 1459ms)
 GET / 200 in 1835ms (next.js: 803ms, application-code: 1032ms)
 GET / 200 in 837ms (next.js: 318ms, application-code: 519ms)
 GET / 200 in 845ms (next.js: 510ms, application-code: 334ms)
 GET / 200 in 191ms (next.js: 48ms, application-code: 143ms)
 GET / 200 in 121ms (next.js: 11ms, application-code: 110ms)
✓ Compiled in 582ms
 GET / 200 in 928ms (next.js: 439ms, application-code: 489ms)
 GET / 200 in 947ms (next.js: 717ms, application-code: 230ms)
✓ Compiled in 247ms
 GET / 200 in 712ms (next.js: 490ms, application-code: 222ms)
 GET / 200 in 718ms (next.js: 628ms, application-code: 90ms)
✓ Compiled in 215ms
 GET / 200 in 698ms (next.js: 582ms, application-code: 116ms)
 GET / 200 in 709ms (next.js: 438ms, application-code: 271ms)
 GET / 200 in 1006ms (next.js: 9ms, application-code: 997ms)
✓ Compiled in 396ms
 GET / 200 in 756ms (next.js: 377ms, application-code: 379ms)
 GET / 200 in 184ms (next.js: 36ms, application-code: 148ms)
✓ Compiled in 486ms
 GET / 200 in 635ms (next.js: 316ms, application-code: 320ms)
 GET / 200 in 640ms (next.js: 437ms, application-code: 203ms)
✓ Compiled in 222ms
 GET / 200 in 734ms (next.js: 467ms, application-code: 267ms)
 GET / 200 in 748ms (next.js: 629ms, application-code: 119ms)
 GET / 200 in 892ms (next.js: 9ms, application-code: 883ms)
✓ Compiled in 1214ms
 GET / 200 in 3.0s (next.js: 1901ms, application-code: 1096ms)
 GET / 200 in 736ms (next.js: 14ms, application-code: 723ms)
 GET / 200 in 891ms (next.js: 12ms, application-code: 879ms)
✓ Compiled in 1139ms
 GET / 200 in 2.5s (next.js: 575ms, application-code: 1894ms)
 GET / 200 in 2.5s (next.js: 713ms, application-code: 1757ms)
 GET / 200 in 1666ms (next.js: 339ms, application-code: 1327ms)
 GET / 200 in 1661ms (next.js: 500ms, application-code: 1161ms)
 GET / 200 in 1053ms (next.js: 121ms, application-code: 932ms)
 GET / 200 in 1067ms (next.js: 27ms, application-code: 1040ms)
 GET / 200 in 1250ms (next.js: 216ms, application-code: 1034ms)
 GET / 200 in 1242ms (next.js: 375ms, application-code: 867ms)
 GET / 200 in 1250ms (next.js: 288ms, application-code: 962ms)
 GET / 200 in 1174ms (next.js: 297ms, application-code: 877ms)
 GET / 200 in 910ms (next.js: 126ms, application-code: 784ms)
 GET / 200 in 734ms (next.js: 35ms, application-code: 699ms)
 GET / 200 in 820ms (next.js: 113ms, application-code: 707ms)
 GET / 200 in 1499ms (next.js: 125ms, application-code: 1374ms)
 GET / 200 in 1567ms (next.js: 42ms, application-code: 1525ms)
 GET / 200 in 1725ms (next.js: 224ms, application-code: 1501ms)
 GET / 200 in 1408ms (next.js: 36ms, application-code: 1371ms)
 GET / 200 in 1399ms (next.js: 298ms, application-code: 1101ms)
 GET / 200 in 1422ms (next.js: 136ms, application-code: 1286ms)
 GET / 200 in 1413ms (next.js: 412ms, application-code: 1001ms)
 GET / 200 in 1413ms (next.js: 496ms, application-code: 917ms)
 GET / 200 in 1317ms (next.js: 553ms, application-code: 764ms)
 GET / 200 in 1319ms (next.js: 683ms, application-code: 637ms)
 GET / 200 in 560ms (next.js: 21ms, application-code: 539ms)
 GET / 200 in 555ms (next.js: 160ms, application-code: 395ms)
 GET / 200 in 282ms (next.js: 75ms, application-code: 208ms)
✓ Compiled in 144ms
 GET / 200 in 887ms (next.js: 281ms, application-code: 607ms)
 GET / 200 in 481ms (next.js: 19ms, application-code: 462ms)
 GET / 200 in 349ms (next.js: 44ms, application-code: 305ms)
 GET / 200 in 335ms (next.js: 214ms, application-code: 120ms)
✓ Compiled in 172ms
 GET / 200 in 671ms (next.js: 449ms, application-code: 222ms)
 GET / 200 in 114ms (next.js: 13ms, application-code: 102ms)
 GET /boxes 200 in 2.3s (next.js: 1398ms, application-code: 950ms)
 GET /login 200 in 1221ms (next.js: 478ms, application-code: 743ms)
 GET /checkout 200 in 1815ms (next.js: 1507ms, application-code: 308ms)
✓ Finished filesystem cache database compaction in 11.4s
✓ Compiled in 575ms
 GET / 200 in 2.1s (next.js: 1022ms, application-code: 1099ms)
 GET / 200 in 1309ms (next.js: 135ms, application-code: 1173ms)
 GET /checkout 200 in 2.6s (next.js: 749ms, application-code: 1828ms)
 GET / 200 in 1144ms (next.js: 323ms, application-code: 821ms)
 GET / 200 in 1152ms (next.js: 396ms, application-code: 756ms)
 GET / 200 in 1155ms (next.js: 475ms, application-code: 680ms)
 GET /checkout 200 in 1483ms (next.js: 50ms, application-code: 1433ms)
 GET / 200 in 555ms (next.js: 186ms, application-code: 368ms)
 GET / 200 in 519ms (next.js: 23ms, application-code: 496ms)
 GET /checkout 200 in 1498ms (next.js: 252ms, application-code: 1246ms)
 GET /checkout 200 in 1509ms (next.js: 50ms, application-code: 1459ms)
 GET /checkout 200 in 1608ms (next.js: 148ms, application-code: 1460ms)
 GET /checkout 200 in 1125ms (next.js: 76ms, application-code: 1049ms)
 GET / 200 in 644ms (next.js: 17ms, application-code: 627ms)
 GET / 200 in 701ms (next.js: 86ms, application-code: 616ms)
 GET / 200 in 797ms (next.js: 92ms, application-code: 705ms)
 GET /checkout 200 in 823ms (next.js: 25ms, application-code: 798ms)
 GET /checkout 200 in 540ms (next.js: 129ms, application-code: 411ms)
 GET /checkout 200 in 333ms (next.js: 46ms, application-code: 287ms)
 GET /checkout 200 in 326ms (next.js: 126ms, application-code: 201ms)
✓ Compiled in 200ms
 GET / 200 in 373ms (next.js: 263ms, application-code: 110ms)
 GET /checkout 200 in 1012ms (next.js: 292ms, application-code: 720ms)
 GET / 200 in 802ms (next.js: 8ms, application-code: 795ms)
 GET /boxes 200 in 869ms (next.js: 284ms, application-code: 585ms)
 GET /boxes/lumia-deep-box-3m 200 in 3.0s (next.js: 2.7s, generate-params: 1465ms, application-code: 361ms)
 GET /login 200 in 640ms (next.js: 262ms, application-code: 378ms)
 GET /checkout 200 in 330ms (next.js: 8ms, application-code: 321ms)
 GET /checkout/success 200 in 1445ms (next.js: 1211ms, application-code: 234ms)
 GET /checkout/cancel 200 in 1212ms (next.js: 1011ms, application-code: 201ms)
 GET / 200 in 328ms (next.js: 5ms, application-code: 323ms)
 GET /login 200 in 164ms (next.js: 6ms, application-code: 158ms)
 GET /boxes 200 in 272ms (next.js: 9ms, application-code: 263ms)
 GET / 200 in 1159ms (next.js: 89ms, application-code: 1069ms)
 GET /boxes 200 in 214ms (next.js: 32ms, application-code: 182ms)
 GET /login 200 in 310ms (next.js: 92ms, application-code: 218ms)
 POST /api/auth/login 400 in 5.2s (next.js: 5.1s, application-code: 79ms)
 POST /api/auth/login 200 in 58ms (next.js: 7ms, application-code: 52ms)
 GET /dashboard 200 in 2.8s (next.js: 1730ms, proxy.ts: 215ms, application-code: 828ms)
✓ Compiled in 1618ms
 GET / 200 in 63ms (next.js: 10ms, application-code: 53ms)
✓ Compiled in 1375ms
 GET / 200 in 1494ms (next.js: 643ms, application-code: 850ms)
 GET /checkout 200 in 2.9s (next.js: 836ms, application-code: 2.0s)
 GET / 200 in 621ms (next.js: 305ms, application-code: 316ms)
 GET /checkout 200 in 1567ms (next.js: 41ms, application-code: 1525ms)
 GET / 200 in 235ms (next.js: 37ms, application-code: 198ms)
 GET /checkout 200 in 676ms (next.js: 73ms, application-code: 603ms)
✓ Compiled in 441ms
 GET / 200 in 952ms (next.js: 319ms, application-code: 633ms)
 GET /checkout 200 in 1125ms (next.js: 642ms, application-code: 483ms)
✓ Compiled in 382ms
 GET / 200 in 1072ms (next.js: 848ms, application-code: 224ms)
 GET /checkout 200 in 1084ms (next.js: 369ms, application-code: 715ms)
 GET / 200 in 1127ms (next.js: 10ms, application-code: 1117ms)
 GET /boxes 200 in 545ms (next.js: 106ms, application-code: 440ms)
 GET /login 200 in 413ms (next.js: 126ms, application-code: 287ms)
✓ Compiled in 401ms
 GET / 200 in 1804ms (next.js: 362ms, application-code: 1441ms)
 GET / 200 in 1178ms (next.js: 72ms, application-code: 1106ms)
 GET /checkout 200 in 3.2s (next.js: 765ms, application-code: 2.4s)
 GET / 200 in 686ms (next.js: 91ms, application-code: 595ms)
 GET / 200 in 686ms (next.js: 172ms, application-code: 514ms)
 GET / 200 in 686ms (next.js: 242ms, application-code: 444ms)
 GET /checkout 200 in 2.0s (next.js: 523ms, application-code: 1477ms)
 GET / 200 in 519ms (next.js: 95ms, application-code: 425ms)
 GET /checkout 200 in 1593ms (next.js: 326ms, application-code: 1267ms)
 GET /checkout 200 in 1604ms (next.js: 183ms, application-code: 1421ms)
 GET /checkout 200 in 1606ms (next.js: 263ms, application-code: 1343ms)
 GET / 200 in 659ms (next.js: 23ms, application-code: 637ms)
 GET /checkout 200 in 1149ms (next.js: 18ms, application-code: 1130ms)
 GET / 200 in 914ms (next.js: 21ms, application-code: 892ms)
 GET / 200 in 831ms (next.js: 26ms, application-code: 805ms)
 GET / 200 in 834ms (next.js: 93ms, application-code: 741ms)
 GET / 200 in 835ms (next.js: 155ms, application-code: 680ms)
 GET / 200 in 703ms (next.js: 97ms, application-code: 606ms)
 GET /checkout 200 in 1360ms (next.js: 106ms, application-code: 1254ms)
 GET / 200 in 626ms (next.js: 90ms, application-code: 536ms)
 GET /checkout 200 in 1214ms (next.js: 227ms, application-code: 987ms)
 GET / 200 in 546ms (next.js: 25ms, application-code: 521ms)
 GET /checkout 200 in 1003ms (next.js: 26ms, application-code: 977ms)
 GET /checkout 200 in 1005ms (next.js: 81ms, application-code: 923ms)
 GET /checkout 200 in 1071ms (next.js: 141ms, application-code: 930ms)
 GET / 200 in 536ms (next.js: 29ms, application-code: 507ms)
 GET / 200 in 532ms (next.js: 84ms, application-code: 448ms)
 GET / 200 in 535ms (next.js: 140ms, application-code: 395ms)
 GET /checkout 200 in 932ms (next.js: 11ms, application-code: 921ms)
 GET / 200 in 533ms (next.js: 18ms, application-code: 515ms)
 GET / 200 in 723ms (next.js: 72ms, application-code: 651ms)
 GET /checkout 200 in 789ms (next.js: 18ms, application-code: 770ms)
 GET /checkout 200 in 641ms (next.js: 27ms, application-code: 614ms)
 GET /checkout 200 in 631ms (next.js: 36ms, application-code: 595ms)
 GET /checkout 200 in 635ms (next.js: 98ms, application-code: 538ms)
 GET /checkout 200 in 572ms (next.js: 108ms, application-code: 464ms)
 GET /checkout 200 in 359ms (next.js: 45ms, application-code: 314ms)
 GET /checkout 200 in 146ms (next.js: 10ms, application-code: 136ms)
✓ Compiled in 2.3s
 GET / 200 in 3.9s (next.js: 1366ms, application-code: 2.5s)
 GET / 200 in 2.1s (next.js: 658ms, application-code: 1456ms)
 GET /checkout 200 in 4.3s (next.js: 606ms, application-code: 3.7s)
 GET / 200 in 1253ms (next.js: 507ms, application-code: 746ms)
 GET / 200 in 1275ms (next.js: 450ms, application-code: 825ms)
 GET / 200 in 1249ms (next.js: 576ms, application-code: 673ms)
 GET /checkout 200 in 2.5s (next.js: 395ms, application-code: 2.1s)
 GET / 200 in 849ms (next.js: 22ms, application-code: 827ms)
 GET /checkout 200 in 1817ms (next.js: 345ms, application-code: 1472ms)
 GET /checkout 200 in 1827ms (next.js: 127ms, application-code: 1699ms)
 GET / 200 in 635ms (next.js: 23ms, application-code: 612ms)
 GET /checkout 200 in 1819ms (next.js: 420ms, application-code: 1400ms)
 GET / 200 in 880ms (next.js: 26ms, application-code: 855ms)
 GET /checkout 200 in 1471ms (next.js: 143ms, application-code: 1328ms)
 GET / 200 in 973ms (next.js: 21ms, application-code: 952ms)
 GET / 200 in 972ms (next.js: 151ms, application-code: 822ms)
 GET / 200 in 978ms (next.js: 89ms, application-code: 890ms)
 GET / 200 in 923ms (next.js: 45ms, application-code: 878ms)
 GET /checkout 200 in 1395ms (next.js: 15ms, application-code: 1380ms)
 GET / 200 in 814ms (next.js: 174ms, application-code: 640ms)
 GET / 200 in 475ms (next.js: 40ms, application-code: 435ms)
 GET /checkout 200 in 1231ms (next.js: 38ms, application-code: 1194ms)
 GET /checkout 200 in 1196ms (next.js: 115ms, application-code: 1081ms)
 GET /checkout 200 in 1108ms (next.js: 110ms, application-code: 999ms)
 GET / 200 in 647ms (next.js: 74ms, application-code: 574ms)
 GET /checkout 200 in 1232ms (next.js: 236ms, application-code: 996ms)
 GET / 200 in 652ms (next.js: 125ms, application-code: 527ms)
 GET / 200 in 659ms (next.js: 17ms, application-code: 642ms)
 GET /checkout 200 in 1100ms (next.js: 15ms, application-code: 1085ms)
 GET / 200 in 852ms (next.js: 15ms, application-code: 838ms)
 GET / 200 in 742ms (next.js: 20ms, application-code: 722ms)
 GET / 200 in 748ms (next.js: 41ms, application-code: 706ms)
 GET /checkout 200 in 1177ms (next.js: 70ms, application-code: 1107ms)
 GET / 200 in 818ms (next.js: 147ms, application-code: 671ms)
 GET / 200 in 816ms (next.js: 262ms, application-code: 554ms)
 GET / 200 in 686ms (next.js: 191ms, application-code: 495ms)
 GET /checkout 200 in 1091ms (next.js: 66ms, application-code: 1026ms)
 GET / 200 in 677ms (next.js: 86ms, application-code: 591ms)
 GET /checkout 200 in 1176ms (next.js: 87ms, application-code: 1088ms)
 GET /checkout 200 in 1181ms (next.js: 28ms, application-code: 1152ms)
 GET /checkout 200 in 1226ms (next.js: 204ms, application-code: 1022ms)
 GET / 200 in 606ms (next.js: 32ms, application-code: 573ms)
 GET / 200 in 539ms (next.js: 22ms, application-code: 517ms)
 GET /checkout 200 in 1207ms (next.js: 28ms, application-code: 1179ms)
 GET / 200 in 926ms (next.js: 105ms, application-code: 821ms)
 GET / 200 in 927ms (next.js: 168ms, application-code: 759ms)
 GET / 200 in 862ms (next.js: 156ms, application-code: 706ms)
 GET / 200 in 845ms (next.js: 24ms, application-code: 821ms)
 GET /checkout 200 in 1273ms (next.js: 17ms, application-code: 1256ms)
 GET / 200 in 644ms (next.js: 97ms, application-code: 547ms)
 GET / 200 in 462ms (next.js: 35ms, application-code: 428ms)
 GET /checkout 200 in 970ms (next.js: 16ms, application-code: 954ms)
 GET /checkout 200 in 1060ms (next.js: 137ms, application-code: 923ms)
 GET /checkout 200 in 1072ms (next.js: 74ms, application-code: 998ms)
 GET / 200 in 527ms (next.js: 19ms, application-code: 508ms)
 GET / 200 in 528ms (next.js: 79ms, application-code: 449ms)
 GET /checkout 200 in 1015ms (next.js: 33ms, application-code: 982ms)
 GET / 200 in 614ms (next.js: 143ms, application-code: 471ms)
 GET /checkout 200 in 1107ms (next.js: 18ms, application-code: 1089ms)
 GET / 200 in 841ms (next.js: 19ms, application-code: 821ms)
 GET / 200 in 798ms (next.js: 75ms, application-code: 723ms)
 GET / 200 in 792ms (next.js: 77ms, application-code: 715ms)
 GET / 200 in 738ms (next.js: 230ms, application-code: 508ms)
 GET / 200 in 744ms (next.js: 168ms, application-code: 576ms)
 GET /checkout 200 in 1135ms (next.js: 77ms, application-code: 1058ms)
 GET / 200 in 465ms (next.js: 92ms, application-code: 372ms)
 GET /checkout 200 in 958ms (next.js: 81ms, application-code: 877ms)
 GET /checkout 200 in 974ms (next.js: 28ms, application-code: 945ms)
 GET /checkout 200 in 975ms (next.js: 95ms, application-code: 880ms)
 GET / 200 in 420ms (next.js: 23ms, application-code: 397ms)
 GET /checkout 200 in 947ms (next.js: 142ms, application-code: 805ms)
 GET / 200 in 492ms (next.js: 20ms, application-code: 472ms)
 GET / 200 in 485ms (next.js: 61ms, application-code: 424ms)
 GET /checkout 200 in 897ms (next.js: 21ms, application-code: 876ms)
 GET / 200 in 806ms (next.js: 17ms, application-code: 789ms)
 GET / 200 in 821ms (next.js: 66ms, application-code: 755ms)
 GET / 200 in 719ms (next.js: 26ms, application-code: 693ms)
 GET / 200 in 682ms (next.js: 157ms, application-code: 525ms)
 GET /checkout 200 in 1110ms (next.js: 114ms, application-code: 997ms)
 GET / 200 in 536ms (next.js: 133ms, application-code: 403ms)
 GET / 200 in 541ms (next.js: 89ms, application-code: 451ms)
 GET /checkout 200 in 991ms (next.js: 75ms, application-code: 916ms)
 GET /checkout 200 in 957ms (next.js: 22ms, application-code: 934ms)
 GET /checkout 200 in 952ms (next.js: 89ms, application-code: 863ms)
 GET / 200 in 477ms (next.js: 16ms, application-code: 461ms)
 GET / 200 in 475ms (next.js: 69ms, application-code: 406ms)
 GET /checkout 200 in 913ms (next.js: 28ms, application-code: 885ms)
 GET / 200 in 528ms (next.js: 16ms, application-code: 512ms)
 GET /checkout 200 in 974ms (next.js: 20ms, application-code: 954ms)
 GET / 200 in 772ms (next.js: 12ms, application-code: 760ms)
 GET / 200 in 847ms (next.js: 68ms, application-code: 780ms)
 GET / 200 in 862ms (next.js: 125ms, application-code: 738ms)
 GET / 200 in 692ms (next.js: 86ms, application-code: 606ms)
 GET / 200 in 694ms (next.js: 152ms, application-code: 542ms)
 GET /checkout 200 in 1087ms (next.js: 19ms, application-code: 1069ms)
 GET / 200 in 451ms (next.js: 80ms, application-code: 371ms)
 GET /checkout 200 in 1026ms (next.js: 21ms, application-code: 1005ms)
 GET /checkout 200 in 1084ms (next.js: 105ms, application-code: 979ms)
 GET / 200 in 441ms (next.js: 25ms, application-code: 417ms)
 GET /checkout 200 in 1010ms (next.js: 83ms, application-code: 927ms)
 GET / 200 in 433ms (next.js: 12ms, application-code: 421ms)
 GET /checkout 200 in 859ms (next.js: 43ms, application-code: 816ms)
 GET / 200 in 505ms (next.js: 58ms, application-code: 447ms)
 GET /checkout 200 in 959ms (next.js: 70ms, application-code: 889ms)
 GET / 200 in 795ms (next.js: 13ms, application-code: 782ms)
 GET / 200 in 796ms (next.js: 77ms, application-code: 719ms)
 GET / 200 in 698ms (next.js: 26ms, application-code: 672ms)
 GET / 200 in 736ms (next.js: 134ms, application-code: 602ms)
 GET /checkout 200 in 979ms (next.js: 16ms, application-code: 964ms)
 GET / 200 in 527ms (next.js: 30ms, application-code: 497ms)
 GET / 200 in 522ms (next.js: 134ms, application-code: 388ms)
 GET /checkout 200 in 925ms (next.js: 29ms, application-code: 896ms)
 GET /checkout 200 in 1020ms (next.js: 85ms, application-code: 935ms)
 GET / 200 in 436ms (next.js: 23ms, application-code: 413ms)
 GET / 200 in 425ms (next.js: 66ms, application-code: 360ms)
 GET /checkout 200 in 1008ms (next.js: 125ms, application-code: 883ms)
 GET /checkout 200 in 884ms (next.js: 79ms, application-code: 805ms)
 GET / 200 in 607ms (next.js: 13ms, application-code: 594ms)
 GET /checkout 200 in 919ms (next.js: 24ms, application-code: 895ms)
 GET / 200 in 634ms (next.js: 23ms, application-code: 611ms)
 GET / 200 in 722ms (next.js: 71ms, application-code: 651ms)
 GET / 200 in 788ms (next.js: 126ms, application-code: 662ms)
 GET / 200 in 752ms (next.js: 133ms, application-code: 619ms)
 GET / 200 in 755ms (next.js: 177ms, application-code: 577ms)
 GET /checkout 200 in 1062ms (next.js: 18ms, application-code: 1044ms)
 GET / 200 in 527ms (next.js: 22ms, application-code: 505ms)
 GET /checkout 200 in 977ms (next.js: 24ms, application-code: 953ms)
 GET / 200 in 461ms (next.js: 88ms, application-code: 373ms)
 GET /checkout 200 in 1030ms (next.js: 82ms, application-code: 948ms)
 GET /checkout 200 in 974ms (next.js: 168ms, application-code: 806ms)
 GET / 200 in 431ms (next.js: 18ms, application-code: 413ms)
 GET /checkout 200 in 800ms (next.js: 40ms, application-code: 760ms)
 GET / 200 in 440ms (next.js: 95ms, application-code: 345ms)
 GET /checkout 200 in 964ms (next.js: 77ms, application-code: 887ms)
 GET / 200 in 688ms (next.js: 59ms, application-code: 629ms)
 GET / 200 in 693ms (next.js: 12ms, application-code: 681ms)
 GET / 200 in 822ms (next.js: 28ms, application-code: 794ms)
 GET / 200 in 766ms (next.js: 85ms, application-code: 680ms)
 GET / 200 in 568ms (next.js: 90ms, application-code: 478ms)
 GET /checkout 200 in 937ms (next.js: 17ms, application-code: 920ms)
 GET / 200 in 494ms (next.js: 145ms, application-code: 349ms)
 GET /checkout 200 in 803ms (next.js: 32ms, application-code: 771ms)
 GET / 200 in 183ms (next.js: 16ms, application-code: 167ms)
 GET / 200 in 184ms (next.js: 70ms, application-code: 114ms)
 GET /checkout 200 in 789ms (next.js: 131ms, application-code: 657ms)
 GET /checkout 200 in 731ms (next.js: 72ms, application-code: 658ms)
 GET /checkout 200 in 681ms (next.js: 137ms, application-code: 544ms)
 GET /checkout 200 in 590ms (next.js: 34ms, application-code: 556ms)
 GET /checkout 200 in 607ms (next.js: 21ms, application-code: 586ms)
 GET /checkout 200 in 520ms (next.js: 22ms, application-code: 498ms)
 GET /checkout 200 in 777ms (next.js: 77ms, application-code: 700ms)
 GET /checkout 200 in 712ms (next.js: 72ms, application-code: 640ms)
 GET /checkout 200 in 723ms (next.js: 83ms, application-code: 640ms)
 GET /checkout 200 in 740ms (next.js: 22ms, application-code: 718ms)
 GET /checkout 200 in 826ms (next.js: 279ms, application-code: 547ms)
 GET /checkout 200 in 492ms (next.js: 16ms, application-code: 476ms)
 GET /checkout 200 in 426ms (next.js: 27ms, application-code: 399ms)
 GET /checkout 200 in 427ms (next.js: 82ms, application-code: 345ms)
 GET /checkout 200 in 353ms (next.js: 35ms, application-code: 318ms)
 GET /checkout 200 in 527ms (next.js: 20ms, application-code: 506ms)
 GET /checkout 200 in 558ms (next.js: 14ms, application-code: 543ms)
 GET /checkout 200 in 491ms (next.js: 24ms, application-code: 467ms)
 GET /checkout 200 in 483ms (next.js: 75ms, application-code: 409ms)
 GET /checkout 200 in 485ms (next.js: 142ms, application-code: 343ms)
 GET /checkout 200 in 337ms (next.js: 22ms, application-code: 315ms)
 GET /checkout 200 in 491ms (next.js: 19ms, application-code: 472ms)
 GET /checkout 200 in 526ms (next.js: 15ms, application-code: 511ms)
 GET /checkout 200 in 459ms (next.js: 13ms, application-code: 446ms)
 GET /checkout 200 in 401ms (next.js: 21ms, application-code: 380ms)
 GET /checkout 200 in 403ms (next.js: 73ms, application-code: 330ms)
 GET /checkout 200 in 264ms (next.js: 21ms, application-code: 243ms)
 GET /checkout 200 in 467ms (next.js: 10ms, application-code: 457ms)
 GET /checkout 200 in 381ms (next.js: 20ms, application-code: 361ms)
 GET /checkout 200 in 371ms (next.js: 68ms, application-code: 303ms)
 GET /checkout 200 in 241ms (next.js: 87ms, application-code: 154ms)
 GET /checkout 200 in 247ms (next.js: 26ms, application-code: 221ms)
✓ Compiled in 354ms
 GET / 200 in 1815ms (next.js: 309ms, application-code: 1506ms)
 GET / 200 in 1024ms (next.js: 49ms, application-code: 975ms)
 GET / 200 in 874ms (next.js: 41ms, application-code: 833ms)
 GET / 200 in 873ms (next.js: 170ms, application-code: 703ms)
 GET / 200 in 876ms (next.js: 227ms, application-code: 649ms)
 GET / 200 in 882ms (next.js: 110ms, application-code: 773ms)
 GET /checkout 200 in 1685ms (next.js: 372ms, application-code: 1314ms)
 GET /checkout 200 in 1418ms (next.js: 94ms, application-code: 1324ms)
 GET / 200 in 531ms (next.js: 20ms, application-code: 510ms)
 GET /checkout 200 in 1243ms (next.js: 338ms, application-code: 905ms)
 GET /checkout 200 in 1248ms (next.js: 278ms, application-code: 970ms)
 GET /checkout 200 in 1245ms (next.js: 402ms, application-code: 842ms)
 GET /checkout 200 in 1245ms (next.js: 470ms, application-code: 775ms)
 GET / 200 in 516ms (next.js: 31ms, application-code: 486ms)
 GET / 200 in 677ms (next.js: 17ms, application-code: 660ms)
 GET / 200 in 684ms (next.js: 83ms, application-code: 601ms)
 GET / 200 in 686ms (next.js: 149ms, application-code: 537ms)
 GET /checkout 200 in 752ms (next.js: 201ms, application-code: 551ms)
 GET /checkout 200 in 475ms (next.js: 30ms, application-code: 445ms)
 GET /checkout 200 in 369ms (next.js: 29ms, application-code: 340ms)
 GET /checkout 200 in 371ms (next.js: 96ms, application-code: 274ms)
 GET /checkout 200 in 360ms (next.js: 157ms, application-code: 204ms)
✓ Compiled in 345ms
 GET / 200 in 1663ms (next.js: 327ms, application-code: 1336ms)
 GET /checkout 200 in 2.7s (next.js: 411ms, application-code: 2.3s)
 GET / 200 in 954ms (next.js: 47ms, application-code: 907ms)
 GET /checkout 200 in 1807ms (next.js: 530ms, application-code: 1278ms)
 GET / 200 in 639ms (next.js: 92ms, application-code: 548ms)
 GET / 200 in 638ms (next.js: 245ms, application-code: 392ms)
 GET / 200 in 645ms (next.js: 171ms, application-code: 473ms)
 GET / 200 in 472ms (next.js: 87ms, application-code: 385ms)
 GET /checkout 200 in 1252ms (next.js: 116ms, application-code: 1136ms)
 GET /checkout 200 in 1252ms (next.js: 185ms, application-code: 1068ms)
 GET /checkout 200 in 1252ms (next.js: 244ms, application-code: 1008ms)
 GET / 200 in 648ms (next.js: 20ms, application-code: 628ms)
 GET /checkout 200 in 1313ms (next.js: 262ms, application-code: 1051ms)
 GET / 200 in 808ms (next.js: 97ms, application-code: 711ms)
 GET / 200 in 732ms (next.js: 98ms, application-code: 634ms)
 GET / 200 in 733ms (next.js: 216ms, application-code: 517ms)
 GET / 200 in 739ms (next.js: 155ms, application-code: 584ms)
 GET / 200 in 493ms (next.js: 20ms, application-code: 473ms)
 GET /checkout 200 in 972ms (next.js: 31ms, application-code: 941ms)
 GET /checkout 200 in 790ms (next.js: 38ms, application-code: 753ms)
 GET /checkout 200 in 515ms (next.js: 78ms, application-code: 437ms)
 GET /checkout 200 in 517ms (next.js: 134ms, application-code: 382ms)
 GET /checkout 200 in 458ms (next.js: 142ms, application-code: 316ms)
 GET /checkout 200 in 180ms (next.js: 14ms, application-code: 167ms)
✓ Compiled in 446ms
 GET / 200 in 1750ms (next.js: 277ms, application-code: 1474ms)
 GET /checkout 200 in 2.9s (next.js: 374ms, application-code: 2.5s)
 GET / 200 in 952ms (next.js: 28ms, application-code: 924ms)
 GET /checkout 200 in 1935ms (next.js: 495ms, application-code: 1440ms)
 GET / 200 in 644ms (next.js: 70ms, application-code: 574ms)
 GET / 200 in 643ms (next.js: 138ms, application-code: 505ms)
 GET / 200 in 644ms (next.js: 212ms, application-code: 432ms)
 GET / 200 in 665ms (next.js: 246ms, application-code: 420ms)
 GET /checkout 200 in 1266ms (next.js: 87ms, application-code: 1178ms)
 GET /checkout 200 in 1266ms (next.js: 229ms, application-code: 1036ms)
 GET /checkout 200 in 1270ms (next.js: 158ms, application-code: 1112ms)
 GET / 200 in 708ms (next.js: 16ms, application-code: 692ms)
 GET /checkout 200 in 1394ms (next.js: 310ms, application-code: 1084ms)
 GET / 200 in 946ms (next.js: 88ms, application-code: 858ms)
 GET / 200 in 926ms (next.js: 125ms, application-code: 801ms)
 GET / 200 in 929ms (next.js: 196ms, application-code: 733ms)
 GET / 200 in 930ms (next.js: 252ms, application-code: 678ms)
 GET / 200 in 969ms (next.js: 290ms, application-code: 679ms)
 GET /checkout 200 in 1244ms (next.js: 14ms, application-code: 1230ms)
 GET / 200 in 659ms (next.js: 46ms, application-code: 614ms)
 GET /checkout 200 in 1387ms (next.js: 60ms, application-code: 1327ms)
 GET /checkout 200 in 1024ms (next.js: 119ms, application-code: 906ms)
 GET /checkout 200 in 1029ms (next.js: 38ms, application-code: 991ms)
 GET / 200 in 512ms (next.js: 26ms, application-code: 485ms)
 GET /checkout 200 in 1157ms (next.js: 187ms, application-code: 970ms)
 GET / 200 in 674ms (next.js: 71ms, application-code: 603ms)
 GET / 200 in 680ms (next.js: 18ms, application-code: 662ms)
 GET / 200 in 680ms (next.js: 126ms, application-code: 553ms)
 GET / 200 in 819ms (next.js: 187ms, application-code: 632ms)
 GET /checkout 200 in 1117ms (next.js: 15ms, application-code: 1102ms)
 GET / 200 in 712ms (next.js: 107ms, application-code: 605ms)
 GET /checkout 200 in 866ms (next.js: 12ms, application-code: 854ms)
 GET / 200 in 541ms (next.js: 178ms, application-code: 363ms)
 GET /checkout 200 in 861ms (next.js: 29ms, application-code: 832ms)
 GET /checkout 200 in 692ms (next.js: 23ms, application-code: 669ms)
 GET /checkout 200 in 685ms (next.js: 112ms, application-code: 574ms)
 GET /checkout 200 in 652ms (next.js: 150ms, application-code: 502ms)
 GET /checkout 200 in 404ms (next.js: 10ms, application-code: 394ms)
 GET /checkout 200 in 259ms (next.js: 11ms, application-code: 248ms)
 GET /checkout 200 in 131ms (next.js: 12ms, application-code: 119ms)
✓ Compiled in 223ms
 GET / 200 in 2.1s (next.js: 845ms, application-code: 1228ms)
 GET / 200 in 1166ms (next.js: 102ms, application-code: 1064ms)
 GET /checkout 200 in 2.3s (next.js: 387ms, application-code: 1919ms)
 GET / 200 in 1027ms (next.js: 343ms, application-code: 684ms)
 GET / 200 in 1034ms (next.js: 410ms, application-code: 624ms)
 GET / 200 in 1035ms (next.js: 500ms, application-code: 535ms)
 GET / 200 in 1044ms (next.js: 598ms, application-code: 445ms)
 GET /checkout 200 in 1472ms (next.js: 29ms, application-code: 1443ms)
 GET /checkout 200 in 1734ms (next.js: 44ms, application-code: 1690ms)
 GET /checkout 200 in 1737ms (next.js: 113ms, application-code: 1624ms)
 GET /checkout 200 in 1738ms (next.js: 210ms, application-code: 1528ms)
 GET / 200 in 815ms (next.js: 29ms, application-code: 786ms)
 GET /checkout 200 in 1743ms (next.js: 288ms, application-code: 1455ms)
 GET / 200 in 870ms (next.js: 37ms, application-code: 833ms)
 GET / 200 in 720ms (next.js: 119ms, application-code: 601ms)
 GET /checkout 200 in 778ms (next.js: 57ms, application-code: 720ms)
 GET /checkout 200 in 447ms (next.js: 41ms, application-code: 406ms)
 GET /checkout 200 in 193ms (next.js: 20ms, application-code: 172ms)
✓ Compiled in 643ms
 GET / 200 in 1633ms (next.js: 539ms, application-code: 1094ms)
 GET / 200 in 1030ms (next.js: 91ms, application-code: 939ms)
 GET /checkout 200 in 1788ms (next.js: 335ms, application-code: 1453ms)
 GET / 200 in 888ms (next.js: 344ms, application-code: 543ms)
 GET / 200 in 888ms (next.js: 500ms, application-code: 388ms)
 GET / 200 in 893ms (next.js: 432ms, application-code: 461ms)
 GET / 200 in 895ms (next.js: 569ms, application-code: 327ms)
 GET /checkout 200 in 1244ms (next.js: 28ms, application-code: 1216ms)
 GET /checkout 200 in 1436ms (next.js: 34ms, application-code: 1403ms)
 GET / 200 in 626ms (next.js: 16ms, application-code: 609ms)
 GET /checkout 200 in 1442ms (next.js: 103ms, application-code: 1339ms)
 GET /checkout 200 in 1443ms (next.js: 174ms, application-code: 1269ms)
 GET /checkout 200 in 1444ms (next.js: 231ms, application-code: 1213ms)
 GET / 200 in 1091ms (next.js: 26ms, application-code: 1065ms)
 GET / 200 in 1195ms (next.js: 185ms, application-code: 1010ms)
 GET / 200 in 1200ms (next.js: 100ms, application-code: 1101ms)
 GET / 200 in 1201ms (next.js: 311ms, application-code: 890ms)
 GET / 200 in 1206ms (next.js: 248ms, application-code: 959ms)
 GET / 200 in 1186ms (next.js: 108ms, application-code: 1078ms)
 GET /checkout 200 in 1742ms (next.js: 29ms, application-code: 1713ms)
 GET /checkout 200 in 1346ms (next.js: 39ms, application-code: 1307ms)
 GET / 200 in 721ms (next.js: 30ms, application-code: 692ms)
 GET /checkout 200 in 1425ms (next.js: 32ms, application-code: 1392ms)
 GET /checkout 200 in 1406ms (next.js: 315ms, application-code: 1090ms)
 GET /checkout 200 in 1426ms (next.js: 248ms, application-code: 1179ms)
 GET /checkout 200 in 1432ms (next.js: 175ms, application-code: 1257ms)
 GET / 200 in 674ms (next.js: 128ms, application-code: 545ms)
 GET / 200 in 784ms (next.js: 212ms, application-code: 573ms)
 GET / 200 in 785ms (next.js: 271ms, application-code: 514ms)
 GET / 200 in 786ms (next.js: 327ms, application-code: 458ms)
 GET / 200 in 1314ms (next.js: 23ms, application-code: 1291ms)
 GET / 200 in 1169ms (next.js: 128ms, application-code: 1041ms)
 GET /checkout 200 in 1440ms (next.js: 88ms, application-code: 1352ms)
 GET / 200 in 939ms (next.js: 352ms, application-code: 587ms)
 GET / 200 in 940ms (next.js: 413ms, application-code: 528ms)
 GET / 200 in 605ms (next.js: 246ms, application-code: 359ms)
 GET / 200 in 947ms (next.js: 474ms, application-code: 474ms)
 GET /checkout 200 in 1458ms (next.js: 42ms, application-code: 1416ms)
 GET /checkout 200 in 1630ms (next.js: 41ms, application-code: 1588ms)
 GET /checkout 200 in 1629ms (next.js: 275ms, application-code: 1354ms)
 GET /checkout 200 in 1641ms (next.js: 117ms, application-code: 1524ms)
 GET /checkout 200 in 1639ms (next.js: 190ms, application-code: 1449ms)
 GET / 200 in 795ms (next.js: 14ms, application-code: 781ms)
 GET / 200 in 1643ms (next.js: 23ms, application-code: 1620ms)
 GET / 200 in 1611ms (next.js: 245ms, application-code: 1366ms)
 GET / 200 in 1567ms (next.js: 277ms, application-code: 1290ms)
 GET /checkout 200 in 1635ms (next.js: 83ms, application-code: 1552ms)
 GET /checkout 200 in 1169ms (next.js: 49ms, application-code: 1120ms)
 GET /checkout 200 in 1237ms (next.js: 25ms, application-code: 1212ms)
 GET /checkout 200 in 1256ms (next.js: 118ms, application-code: 1138ms)
 GET /checkout 200 in 1257ms (next.js: 209ms, application-code: 1048ms)
 GET /checkout 200 in 1253ms (next.js: 316ms, application-code: 938ms)
 GET /checkout 200 in 1290ms (next.js: 13ms, application-code: 1277ms)
 GET /checkout 200 in 1037ms (next.js: 37ms, application-code: 1001ms)
 GET /checkout 200 in 908ms (next.js: 285ms, application-code: 622ms)
 GET /checkout 200 in 1232ms (next.js: 84ms, application-code: 1149ms)
✓ Finished filesystem cache database compaction in 16.1s
 GET / 200 in 1991ms (next.js: 8ms, application-code: 1983ms)
 GET /boxes 200 in 2.0s (next.js: 562ms, application-code: 1455ms)
✓ Compiled in 225ms
 GET / 200 in 2.5s (next.js: 1129ms, application-code: 1386ms)
 GET / 200 in 1289ms (next.js: 133ms, application-code: 1156ms)
 GET /checkout 200 in 2.7s (next.js: 360ms, application-code: 2.3s)
 GET / 200 in 966ms (next.js: 487ms, application-code: 479ms)
 GET / 200 in 965ms (next.js: 643ms, application-code: 322ms)
 GET / 200 in 984ms (next.js: 426ms, application-code: 558ms)
 GET / 200 in 974ms (next.js: 565ms, application-code: 409ms)
 GET /checkout 200 in 1445ms (next.js: 47ms, application-code: 1398ms)
 GET / 200 in 466ms (next.js: 11ms, application-code: 455ms)
 GET /checkout 200 in 1398ms (next.js: 283ms, application-code: 1115ms)
 GET /checkout 200 in 1398ms (next.js: 352ms, application-code: 1045ms)
 GET /checkout 200 in 1414ms (next.js: 69ms, application-code: 1344ms)
 GET /checkout 200 in 1415ms (next.js: 199ms, application-code: 1216ms)
 GET / 200 in 718ms (next.js: 26ms, application-code: 692ms)
 GET / 200 in 696ms (next.js: 92ms, application-code: 604ms)
 GET / 200 in 707ms (next.js: 164ms, application-code: 543ms)
 GET /checkout 200 in 731ms (next.js: 22ms, application-code: 709ms)
 GET /checkout 200 in 455ms (next.js: 35ms, application-code: 420ms)
 GET /checkout 200 in 328ms (next.js: 113ms, application-code: 215ms)
 GET /checkout 200 in 334ms (next.js: 30ms, application-code: 304ms)
 GET /checkout 200 in 1660ms (next.js: 10ms, application-code: 1651ms)
 GET /login 200 in 1673ms (next.js: 591ms, application-code: 1082ms)
 GET /boxes 200 in 1053ms (next.js: 424ms, application-code: 629ms)
 GET /dashboard 200 in 1002ms (next.js: 305ms, proxy.ts: 12ms, application-code: 685ms)
 GET /activate 200 in 2.0s (next.js: 1869ms, proxy.ts: 22ms, application-code: 142ms)
○ Compiling /journal ...
 GET /journal?mode=mood 200 in 4.2s (next.js: 4.1s, proxy.ts: 13ms, application-code: 142ms)
 GET /journal?mode=journal 200 in 78ms (next.js: 7ms, proxy.ts: 11ms, application-code: 60ms)
 GET /journal?mode=mood 200 in 200ms (next.js: 15ms, proxy.ts: 21ms, application-code: 164ms)
✓ Finished filesystem cache database compaction in 49s
✓ Compiled in 3.7s
[?25h
